<?xml version="1.0" encoding="UTF-8"?>
<!-- Generated by org.testng.reporters.JUnitReportReporter -->
<testsuite hostname="Adamant" failures="0" tests="3" name="com.testyantra.maven.create.CreateContactTest" time="0.018" errors="0" timestamp="2021-09-21T16:56:52 IST" skipped="0">
  <testcase classname="com.testyantra.maven.create.CreateContactTest" name="createContactWithOpp" time="0.003"/>
  <system-out/>
  <testcase classname="com.testyantra.maven.create.CreateContactTest" name="createContact" time="0.014"/>
  <system-out/>
  <testcase classname="com.testyantra.maven.create.CreateContactTest" name="createContactWithOrg" time="0.001"/>
  <system-out/>
</testsuite> <!-- com.testyantra.maven.create.CreateContactTest -->
