<?xml version="1.0" encoding="UTF-8"?>
<!-- Generated by org.testng.reporters.JUnitReportReporter -->
<testsuite hostname="Adamant" failures="0" tests="3" name="com.testyantra.maven.createOrgTest.TC_01_createOrgTest" time="0.013" errors="0" timestamp="2021-09-22T14:15:19 IST" skipped="0">
  <testcase classname="com.testyantra.maven.createOrgTest.TC_01_createOrgTest" name="createOrgWithOpp" time="0.003"/>
  <system-out/>
  <testcase classname="com.testyantra.maven.createOrgTest.TC_01_createOrgTest" name="createOrgWithInd" time="0.003"/>
  <system-out/>
  <testcase classname="com.testyantra.maven.createOrgTest.TC_01_createOrgTest" name="createOrg" time="0.007"/>
  <system-out/>
</testsuite> <!-- com.testyantra.maven.createOrgTest.TC_01_createOrgTest -->
