<?xml version="1.0" encoding="UTF-8"?>
<!-- Generated by org.testng.reporters.JUnitReportReporter -->
<testsuite hostname="Adamant" failures="0" tests="3" name="com.testyantra.maven.createTest.CreateContactTest" time="0.002" errors="0" timestamp="2021-09-22T14:15:19 IST" skipped="0">
  <testcase classname="com.testyantra.maven.createTest.CreateContactTest" name="createContactWithOrg" time="0.000"/>
  <system-out/>
  <testcase classname="com.testyantra.maven.createTest.CreateContactTest" name="createContact" time="0.001"/>
  <system-out/>
  <testcase classname="com.testyantra.maven.createTest.CreateContactTest" name="createContactWithOpp" time="0.001"/>
  <system-out/>
</testsuite> <!-- com.testyantra.maven.createTest.CreateContactTest -->
